createUnit
Unit created
createUnit
Unit created
createUnit
Unit created
createUnit
Unit created
createUnit
Unit created
createUnit
Unit created
createUnit
Unit created
createUnit
Unit created
createUnit
Unit created
createUnit
Unit created
createUnit
Unit created
createUnit
Unit created
createUnit
Unit created
createUnit
Unit created
createUnit
Unit created
setPlate
getReachableSquares
{ name: 'Infantry',
  d: 2,
  life: 100,
  attack: 30,
  defense: 30,
  bullet: 10,
  hasMoved: 0,
  typeId: 1,
  socket: 
   { _socket: 
      { _handle: [Object],
        _pendingWriteReqs: 0,
        _flags: 0,
        _connectQueueSize: 0,
        destroyed: false,
        bytesRead: 2267,
        bytesWritten: 2008,
        allowHalfOpen: true,
        writable: true,
        readable: true,
        server: [Object],
        ondrain: [Function],
        _idleTimeout: -1,
        _idleNext: null,
        _idlePrev: null,
        _idleStart: Sat, 06 Jul 2013 18:39:06 GMT,
        _events: [Object],
        ondata: null,
        onend: null },
     bytesReceived: 1902,
     readyState: 1,
     supports: { binary: true },
     protocol: 'undefined',
     protocolVersion: 13,
     upgradeReq: 
      { socket: [Object],
        connection: [Object],
        httpVersion: '1.1',
        complete: true,
        headers: [Object],
        trailers: {},
        readable: true,
        url: '/',
        method: 'GET',
        statusCode: null,
        client: [Object],
        httpVersionMajor: 1,
        httpVersionMinor: 1,
        upgrade: true },
     _isServer: true,
     _receiver: 
      { fragmentedBufferPool: [Object],
        unfragmentedBufferPool: [Object],
        state: [Object],
        overflow: [],
        headerBuffer: <Buffer 11 f4 0f 95 d0 f6 f0 08 f0 f6>,
        expectOffset: 0,
        expectBuffer: null,
        expectHandler: [Function],
        currentMessage: [Object],
        dead: false,
        onerror: [Function],
        ontext: [Function],
        onbinary: [Function],
        onclose: [Function],
        onping: [Function],
        onpong: [Function] },
     _sender: { _socket: [Object], firstFragment: true, _events: [Object] },
     _events: { close: [Function], message: [Function] },
     units: { handler: [Object] },
     plate: 
      { setGridMatrix: [Function: setGridMatrix],
        matrix: [Object],
        grid: [Object] } },
  id: 20,
  y: 2,
  x: 3,
  moveTo: [Function: moveTo],
  setPosition: [Function: setPosition],
  getReachableSquares: [Function: getReachableSquares],
  getAttackableSquares: [Function: getAttackableSquares] }
getReachableSquares
{ name: 'Infantry',
  d: 2,
  life: 100,
  attack: 30,
  defense: 30,
  bullet: 10,
  hasMoved: 0,
  typeId: 1,
  socket: 
   { _socket: 
      { _handle: [Object],
        _pendingWriteReqs: 0,
        _flags: 0,
        _connectQueueSize: 0,
        destroyed: false,
        bytesRead: 2343,
        bytesWritten: 2219,
        allowHalfOpen: true,
        writable: true,
        readable: true,
        server: [Object],
        ondrain: [Function],
        _idleTimeout: -1,
        _idleNext: null,
        _idlePrev: null,
        _idleStart: Sat, 06 Jul 2013 18:39:06 GMT,
        _events: [Object],
        ondata: null,
        onend: null },
     bytesReceived: 1978,
     readyState: 1,
     supports: { binary: true },
     protocol: 'undefined',
     protocolVersion: 13,
     upgradeReq: 
      { socket: [Object],
        connection: [Object],
        httpVersion: '1.1',
        complete: true,
        headers: [Object],
        trailers: {},
        readable: true,
        url: '/',
        method: 'GET',
        statusCode: null,
        client: [Object],
        httpVersionMajor: 1,
        httpVersionMinor: 1,
        upgrade: true },
     _isServer: true,
     _receiver: 
      { fragmentedBufferPool: [Object],
        unfragmentedBufferPool: [Object],
        state: [Object],
        overflow: [],
        headerBuffer: <Buffer a8 39 48 1e d0 f6 f0 08 f0 f6>,
        expectOffset: 0,
        expectBuffer: null,
        expectHandler: [Function],
        currentMessage: [Object],
        dead: false,
        onerror: [Function],
        ontext: [Function],
        onbinary: [Function],
        onclose: [Function],
        onping: [Function],
        onpong: [Function] },
     _sender: { _socket: [Object], firstFragment: true, _events: [Object] },
     _events: { close: [Function], message: [Function] },
     units: { handler: [Object] },
     plate: 
      { setGridMatrix: [Function: setGridMatrix],
        matrix: [Object],
        grid: [Object] } },
  id: 16,
  y: 3,
  x: 1,
  moveTo: [Function: moveTo],
  setPosition: [Function: setPosition],
  getReachableSquares: [Function: getReachableSquares],
  getAttackableSquares: [Function: getAttackableSquares] }
createUnit
Unit created
createUnit
Unit created
createUnit
Unit created
createUnit
Unit created
createUnit
Unit created
createUnit
Unit created
createUnit
Unit created
createUnit
Unit created
createUnit
Unit created
createUnit
Unit created
createUnit
Unit created
createUnit
Unit created
createUnit
Unit created
createUnit
Unit created
createUnit
Unit created
setPlate
getReachableSquares
{ name: 'Infantry',
  d: 2,
  life: 100,
  attack: 30,
  defense: 30,
  bullet: 10,
  hasMoved: 0,
  typeId: 1,
  socket: 
   { _socket: 
      { _handle: [Object],
        _pendingWriteReqs: 0,
        _flags: 0,
        _connectQueueSize: 0,
        destroyed: false,
        bytesRead: 2267,
        bytesWritten: 2008,
        allowHalfOpen: true,
        writable: true,
        readable: true,
        server: [Object],
        ondrain: [Function],
        _idleTimeout: -1,
        _idleNext: null,
        _idlePrev: null,
        _idleStart: Sun, 07 Jul 2013 08:53:38 GMT,
        _events: [Object],
        ondata: null,
        onend: null },
     bytesReceived: 1902,
     readyState: 1,
     supports: { binary: true },
     protocol: 'undefined',
     protocolVersion: 13,
     upgradeReq: 
      { socket: [Object],
        connection: [Object],
        httpVersion: '1.1',
        complete: true,
        headers: [Object],
        trailers: {},
        readable: true,
        url: '/',
        method: 'GET',
        statusCode: null,
        client: [Object],
        httpVersionMajor: 1,
        httpVersionMinor: 1,
        upgrade: true },
     _isServer: true,
     _receiver: 
      { fragmentedBufferPool: [Object],
        unfragmentedBufferPool: [Object],
        state: [Object],
        overflow: [],
        headerBuffer: <Buffer e8 57 26 e0 d0 f6 f0 08 f0 f6>,
        expectOffset: 0,
        expectBuffer: null,
        expectHandler: [Function],
        currentMessage: [Object],
        dead: false,
        onerror: [Function],
        ontext: [Function],
        onbinary: [Function],
        onclose: [Function],
        onping: [Function],
        onpong: [Function] },
     _sender: { _socket: [Object], firstFragment: true, _events: [Object] },
     _events: { close: [Function], message: [Function] },
     units: { handler: [Object] },
     plate: 
      { setGridMatrix: [Function: setGridMatrix],
        matrix: [Object],
        grid: [Object] } },
  id: 20,
  y: 2,
  x: 3,
  moveTo: [Function: moveTo],
  setPosition: [Function: setPosition],
  getReachableSquares: [Function: getReachableSquares],
  getAttackableSquares: [Function: getAttackableSquares] }
moveUnit
setGrid
setPlate
getAttackableSquares
attack
getReachableSquares
{ name: 'Infantry',
  d: 2,
  life: 100,
  attack: 30,
  defense: 30,
  bullet: 10,
  hasMoved: 1,
  typeId: 1,
  socket: 
   { _socket: 
      { _handle: [Object],
        _pendingWriteReqs: 0,
        _flags: 0,
        _connectQueueSize: 0,
        destroyed: false,
        bytesRead: 4273,
        bytesWritten: 2329,
        allowHalfOpen: true,
        writable: true,
        readable: true,
        server: [Object],
        ondrain: [Function],
        _idleTimeout: -1,
        _idleNext: null,
        _idlePrev: null,
        _idleStart: Sun, 07 Jul 2013 08:53:38 GMT,
        _events: [Object],
        ondata: null,
        onend: null },
     bytesReceived: 3908,
     readyState: 1,
     supports: { binary: true },
     protocol: 'undefined',
     protocolVersion: 13,
     upgradeReq: 
      { socket: [Object],
        connection: [Object],
        httpVersion: '1.1',
        complete: true,
        headers: [Object],
        trailers: {},
        readable: true,
        url: '/',
        method: 'GET',
        statusCode: null,
        client: [Object],
        httpVersionMajor: 1,
        httpVersionMinor: 1,
        upgrade: true },
     _isServer: true,
     _receiver: 
      { fragmentedBufferPool: [Object],
        unfragmentedBufferPool: [Object],
        state: [Object],
        overflow: [],
        headerBuffer: <Buffer 15 01 97 b4 d0 f6 f0 08 f0 f6>,
        expectOffset: 0,
        expectBuffer: null,
        expectHandler: [Function],
        currentMessage: [Object],
        dead: false,
        onerror: [Function],
        ontext: [Function],
        onbinary: [Function],
        onclose: [Function],
        onping: [Function],
        onpong: [Function] },
     _sender: { _socket: [Object], firstFragment: true, _events: [Object] },
     _events: { close: [Function], message: [Function] },
     units: { handler: [Object] },
     plate: 
      { setGridMatrix: [Function: setGridMatrix],
        matrix: [Object],
        grid: [Object] } },
  id: 20,
  y: 4,
  x: 3,
  moveTo: [Function: moveTo],
  setPosition: [Function: setPosition],
  getReachableSquares: [Function: getReachableSquares],
  getAttackableSquares: [Function: getAttackableSquares] }
moveUnit
setGrid
setPlate
getAttackableSquares
attack
getAttackableSquares
attack
createUnit
Unit created
createUnit
Unit created
createUnit
Unit created
createUnit
Unit created
createUnit
Unit created
createUnit
Unit created
createUnit
Unit created
createUnit
Unit created
createUnit
Unit created
createUnit
Unit created
createUnit
Unit created
createUnit
Unit created
createUnit
Unit created
createUnit
Unit created
createUnit
Unit created
setPlate
getReachableSquares
{ name: 'Infantry',
  d: 2,
  life: 100,
  attack: 30,
  defense: 30,
  bullet: 10,
  hasMoved: 0,
  typeId: 1,
  socket: 
   { _socket: 
      { _handle: [Object],
        _pendingWriteReqs: 0,
        _flags: 0,
        _connectQueueSize: 0,
        destroyed: false,
        bytesRead: 2267,
        bytesWritten: 2008,
        allowHalfOpen: true,
        writable: true,
        readable: true,
        server: [Object],
        ondrain: [Function],
        _idleTimeout: -1,
        _idleNext: null,
        _idlePrev: null,
        _idleStart: Sun, 07 Jul 2013 09:06:02 GMT,
        _events: [Object],
        ondata: null,
        onend: null },
     bytesReceived: 1902,
     readyState: 1,
     supports: { binary: true },
     protocol: 'undefined',
     protocolVersion: 13,
     upgradeReq: 
      { socket: [Object],
        connection: [Object],
        httpVersion: '1.1',
        complete: true,
        headers: [Object],
        trailers: {},
        readable: true,
        url: '/',
        method: 'GET',
        statusCode: null,
        client: [Object],
        httpVersionMajor: 1,
        httpVersionMinor: 1,
        upgrade: true },
     _isServer: true,
     _receiver: 
      { fragmentedBufferPool: [Object],
        unfragmentedBufferPool: [Object],
        state: [Object],
        overflow: [],
        headerBuffer: <Buffer 81 d2 5e 2d 08 ea 00 00 00 00>,
        expectOffset: 0,
        expectBuffer: null,
        expectHandler: [Function],
        currentMessage: [Object],
        dead: false,
        onerror: [Function],
        ontext: [Function],
        onbinary: [Function],
        onclose: [Function],
        onping: [Function],
        onpong: [Function] },
     _sender: { _socket: [Object], firstFragment: true, _events: [Object] },
     _events: { close: [Function], message: [Function] },
     units: { handler: [Object] },
     plate: 
      { setGridMatrix: [Function: setGridMatrix],
        matrix: [Object],
        grid: [Object] } },
  id: 16,
  y: 3,
  x: 1,
  moveTo: [Function: moveTo],
  setPosition: [Function: setPosition],
  getReachableSquares: [Function: getReachableSquares],
  getAttackableSquares: [Function: getAttackableSquares] }
getAttackableSquares
attack
getAttackableSquares
attack
getAttackableSquares
attack
getAttackableSquares
attack
getAttackableSquares
attack
getAttackableSquares
attack
getAttackableSquares
attack
getAttackableSquares
attack
getAttackableSquares
attack
getAttackableSquares
attack
getAttackableSquares
attack
getAttackableSquares
attack
getAttackableSquares
attack
getAttackableSquares
attack
getAttackableSquares
attack
getAttackableSquares
attack
getAttackableSquares
attack
createUnit
Unit created
createUnit
Unit created
createUnit
Unit created
createUnit
Unit created
createUnit
Unit created
createUnit
Unit created
createUnit
Unit created
createUnit
Unit created
createUnit
Unit created
createUnit
Unit created
createUnit
Unit created
createUnit
Unit created
createUnit
Unit created
createUnit
Unit created
createUnit
Unit created
setPlate
getReachableSquares
{ name: 'Infantry',
  d: 2,
  life: 100,
  attack: 30,
  defense: 30,
  bullet: 10,
  hasMoved: 0,
  typeId: 1,
  socket: 
   { _socket: 
      { _handle: [Object],
        _pendingWriteReqs: 0,
        _flags: 0,
        _connectQueueSize: 0,
        destroyed: false,
        bytesRead: 2267,
        bytesWritten: 2008,
        allowHalfOpen: true,
        writable: true,
        readable: true,
        server: [Object],
        ondrain: [Function],
        _idleTimeout: -1,
        _idleNext: null,
        _idlePrev: null,
        _idleStart: Sun, 07 Jul 2013 09:08:31 GMT,
        _events: [Object],
        ondata: null,
        onend: null },
     bytesReceived: 1902,
     readyState: 1,
     supports: { binary: true },
     protocol: 'undefined',
     protocolVersion: 13,
     upgradeReq: 
      { socket: [Object],
        connection: [Object],
        httpVersion: '1.1',
        complete: true,
        headers: [Object],
        trailers: {},
        readable: true,
        url: '/',
        method: 'GET',
        statusCode: null,
        client: [Object],
        httpVersionMajor: 1,
        httpVersionMinor: 1,
        upgrade: true },
     _isServer: true,
     _receiver: 
      { fragmentedBufferPool: [Object],
        unfragmentedBufferPool: [Object],
        state: [Object],
        overflow: [],
        headerBuffer: <Buffer 80 9f 89 ff 30 5d 2c 5b 30 5d>,
        expectOffset: 0,
        expectBuffer: null,
        expectHandler: [Function],
        currentMessage: [Object],
        dead: false,
        onerror: [Function],
        ontext: [Function],
        onbinary: [Function],
        onclose: [Function],
        onping: [Function],
        onpong: [Function] },
     _sender: { _socket: [Object], firstFragment: true, _events: [Object] },
     _events: { close: [Function], message: [Function] },
     units: { handler: [Object] },
     plate: 
      { setGridMatrix: [Function: setGridMatrix],
        matrix: [Object],
        grid: [Object] } },
  id: 16,
  y: 3,
  x: 1,
  moveTo: [Function: moveTo],
  setPosition: [Function: setPosition],
  getReachableSquares: [Function: getReachableSquares],
  getAttackableSquares: [Function: getAttackableSquares] }
getAttackableSquares
attack
getAttackableSquares
attack
getAttackableSquares
attack
getAttackableSquares
attack
getAttackableSquares
attack
getAttackableSquares
attack
getAttackableSquares
attack
getAttackableSquares
attack
getAttackableSquares
attack
getAttackableSquares
attack
getAttackableSquares
attack
getAttackableSquares
attack
getAttackableSquares
attack
getAttackableSquares
attack
getAttackableSquares
attack
getAttackableSquares
attack
getAttackableSquares
attack
getAttackableSquares
attack
getAttackableSquares
attack
getReachableSquares
{ name: 'Infantry',
  d: 2,
  life: 100,
  attack: 30,
  defense: 30,
  bullet: 10,
  hasMoved: 0,
  typeId: 1,
  socket: 
   { _socket: 
      { _handle: [Object],
        _pendingWriteReqs: 0,
        _flags: 0,
        _connectQueueSize: 0,
        destroyed: false,
        bytesRead: 4281,
        bytesWritten: 4677,
        allowHalfOpen: true,
        writable: true,
        readable: true,
        server: [Object],
        ondrain: [Function],
        _idleTimeout: -1,
        _idleNext: null,
        _idlePrev: null,
        _idleStart: Sun, 07 Jul 2013 09:08:31 GMT,
        _events: [Object],
        ondata: null,
        onend: null },
     bytesReceived: 3916,
     readyState: 1,
     supports: { binary: true },
     protocol: 'undefined',
     protocolVersion: 13,
     upgradeReq: 
      { socket: [Object],
        connection: [Object],
        httpVersion: '1.1',
        complete: true,
        headers: [Object],
        trailers: {},
        readable: true,
        url: '/',
        method: 'GET',
        statusCode: null,
        client: [Object],
        httpVersionMajor: 1,
        httpVersionMinor: 1,
        upgrade: true },
     _isServer: true,
     _receiver: 
      { fragmentedBufferPool: [Object],
        unfragmentedBufferPool: [Object],
        state: [Object],
        overflow: [],
        headerBuffer: <Buffer 89 2d d4 65 30 5d 2c 5b 30 5d>,
        expectOffset: 0,
        expectBuffer: null,
        expectHandler: [Function],
        currentMessage: [Object],
        dead: false,
        onerror: [Function],
        ontext: [Function],
        onbinary: [Function],
        onclose: [Function],
        onping: [Function],
        onpong: [Function] },
     _sender: { _socket: [Object], firstFragment: true, _events: [Object] },
     _events: { close: [Function], message: [Function] },
     units: { handler: [Object] },
     plate: 
      { setGridMatrix: [Function: setGridMatrix],
        matrix: [Object],
        grid: [Object] } },
  id: 20,
  y: 2,
  x: 3,
  moveTo: [Function: moveTo],
  setPosition: [Function: setPosition],
  getReachableSquares: [Function: getReachableSquares],
  getAttackableSquares: [Function: getAttackableSquares] }
moveUnit
setGrid
setPlate
getReachableSquares
{ name: 'Infantry',
  d: 2,
  life: 100,
  attack: 30,
  defense: 30,
  bullet: 10,
  hasMoved: 1,
  typeId: 1,
  socket: 
   { _socket: 
      { _handle: [Object],
        _pendingWriteReqs: 0,
        _flags: 0,
        _connectQueueSize: 0,
        destroyed: false,
        bytesRead: 6185,
        bytesWritten: 4888,
        allowHalfOpen: true,
        writable: true,
        readable: true,
        server: [Object],
        ondrain: [Function],
        _idleTimeout: -1,
        _idleNext: null,
        _idlePrev: null,
        _idleStart: Sun, 07 Jul 2013 09:08:31 GMT,
        _events: [Object],
        ondata: null,
        onend: null },
     bytesReceived: 5820,
     readyState: 1,
     supports: { binary: true },
     protocol: 'undefined',
     protocolVersion: 13,
     upgradeReq: 
      { socket: [Object],
        connection: [Object],
        httpVersion: '1.1',
        complete: true,
        headers: [Object],
        trailers: {},
        readable: true,
        url: '/',
        method: 'GET',
        statusCode: null,
        client: [Object],
        httpVersionMajor: 1,
        httpVersionMinor: 1,
        upgrade: true },
     _isServer: true,
     _receiver: 
      { fragmentedBufferPool: [Object],
        unfragmentedBufferPool: [Object],
        state: [Object],
        overflow: [],
        headerBuffer: <Buffer 0e 34 b6 e2 30 5d 2c 5b 30 5d>,
        expectOffset: 0,
        expectBuffer: null,
        expectHandler: [Function],
        currentMessage: [Object],
        dead: false,
        onerror: [Function],
        ontext: [Function],
        onbinary: [Function],
        onclose: [Function],
        onping: [Function],
        onpong: [Function] },
     _sender: { _socket: [Object], firstFragment: true, _events: [Object] },
     _events: { close: [Function], message: [Function] },
     units: { handler: [Object] },
     plate: 
      { setGridMatrix: [Function: setGridMatrix],
        matrix: [Object],
        grid: [Object] } },
  id: 20,
  y: 3,
  x: 3,
  moveTo: [Function: moveTo],
  setPosition: [Function: setPosition],
  getReachableSquares: [Function: getReachableSquares],
  getAttackableSquares: [Function: getAttackableSquares] }
moveUnit
setGrid
setPlate
getReachableSquares
{ name: 'Infantry',
  d: 2,
  life: 100,
  attack: 30,
  defense: 30,
  bullet: 10,
  hasMoved: 1,
  typeId: 1,
  socket: 
   { _socket: 
      { _handle: [Object],
        _pendingWriteReqs: 0,
        _flags: 0,
        _connectQueueSize: 0,
        destroyed: false,
        bytesRead: 8089,
        bytesWritten: 5109,
        allowHalfOpen: true,
        writable: true,
        readable: true,
        server: [Object],
        ondrain: [Function],
        _idleTimeout: -1,
        _idleNext: null,
        _idlePrev: null,
        _idleStart: Sun, 07 Jul 2013 09:08:31 GMT,
        _events: [Object],
        ondata: null,
        onend: null },
     bytesReceived: 7724,
     readyState: 1,
     supports: { binary: true },
     protocol: 'undefined',
     protocolVersion: 13,
     upgradeReq: 
      { socket: [Object],
        connection: [Object],
        httpVersion: '1.1',
        complete: true,
        headers: [Object],
        trailers: {},
        readable: true,
        url: '/',
        method: 'GET',
        statusCode: null,
        client: [Object],
        httpVersionMajor: 1,
        httpVersionMinor: 1,
        upgrade: true },
     _isServer: true,
     _receiver: 
      { fragmentedBufferPool: [Object],
        unfragmentedBufferPool: [Object],
        state: [Object],
        overflow: [],
        headerBuffer: <Buffer 67 9a 80 d1 30 5d 2c 5b 30 5d>,
        expectOffset: 0,
        expectBuffer: null,
        expectHandler: [Function],
        currentMessage: [Object],
        dead: false,
        onerror: [Function],
        ontext: [Function],
        onbinary: [Function],
        onclose: [Function],
        onping: [Function],
        onpong: [Function] },
     _sender: { _socket: [Object], firstFragment: true, _events: [Object] },
     _events: { close: [Function], message: [Function] },
     units: { handler: [Object] },
     plate: 
      { setGridMatrix: [Function: setGridMatrix],
        matrix: [Object],
        grid: [Object] } },
  id: 20,
  y: 3,
  x: 4,
  moveTo: [Function: moveTo],
  setPosition: [Function: setPosition],
  getReachableSquares: [Function: getReachableSquares],
  getAttackableSquares: [Function: getAttackableSquares] }
moveUnit
setGrid
setPlate
getReachableSquares
{ name: 'Infantry',
  d: 2,
  life: 100,
  attack: 30,
  defense: 30,
  bullet: 10,
  hasMoved: 1,
  typeId: 1,
  socket: 
   { _socket: 
      { _handle: [Object],
        _pendingWriteReqs: 0,
        _flags: 0,
        _connectQueueSize: 0,
        destroyed: false,
        bytesRead: 9993,
        bytesWritten: 5340,
        allowHalfOpen: true,
        writable: true,
        readable: true,
        server: [Object],
        ondrain: [Function],
        _idleTimeout: -1,
        _idleNext: null,
        _idlePrev: null,
        _idleStart: Sun, 07 Jul 2013 09:08:31 GMT,
        _events: [Object],
        ondata: null,
        onend: null },
     bytesReceived: 9628,
     readyState: 1,
     supports: { binary: true },
     protocol: 'undefined',
     protocolVersion: 13,
     upgradeReq: 
      { socket: [Object],
        connection: [Object],
        httpVersion: '1.1',
        complete: true,
        headers: [Object],
        trailers: {},
        readable: true,
        url: '/',
        method: 'GET',
        statusCode: null,
        client: [Object],
        httpVersionMajor: 1,
        httpVersionMinor: 1,
        upgrade: true },
     _isServer: true,
     _receiver: 
      { fragmentedBufferPool: [Object],
        unfragmentedBufferPool: [Object],
        state: [Object],
        overflow: [],
        headerBuffer: <Buffer bd e1 8c c8 30 5d 2c 5b 30 5d>,
        expectOffset: 0,
        expectBuffer: null,
        expectHandler: [Function],
        currentMessage: [Object],
        dead: false,
        onerror: [Function],
        ontext: [Function],
        onbinary: [Function],
        onclose: [Function],
        onping: [Function],
        onpong: [Function] },
     _sender: { _socket: [Object], firstFragment: true, _events: [Object] },
     _events: { close: [Function], message: [Function] },
     units: { handler: [Object] },
     plate: 
      { setGridMatrix: [Function: setGridMatrix],
        matrix: [Object],
        grid: [Object] } },
  id: 20,
  y: 4,
  x: 4,
  moveTo: [Function: moveTo],
  setPosition: [Function: setPosition],
  getReachableSquares: [Function: getReachableSquares],
  getAttackableSquares: [Function: getAttackableSquares] }
getReachableSquares
{ name: 'Commando',
  d: 3,
  life: 100,
  attack: 60,
  defense: 50,
  bullet: 10,
  hasMoved: 0,
  typeId: 3,
  socket: 
   { _socket: 
      { _handle: [Object],
        _pendingWriteReqs: 0,
        _flags: 0,
        _connectQueueSize: 0,
        destroyed: false,
        bytesRead: 10069,
        bytesWritten: 5571,
        allowHalfOpen: true,
        writable: true,
        readable: true,
        server: [Object],
        ondrain: [Function],
        _idleTimeout: -1,
        _idleNext: null,
        _idlePrev: null,
        _idleStart: Sun, 07 Jul 2013 09:08:31 GMT,
        _events: [Object],
        ondata: null,
        onend: null },
     bytesReceived: 9705,
     readyState: 1,
     supports: { binary: true },
     protocol: 'undefined',
     protocolVersion: 13,
     upgradeReq: 
      { socket: [Object],
        connection: [Object],
        httpVersion: '1.1',
        complete: true,
        headers: [Object],
        trailers: {},
        readable: true,
        url: '/',
        method: 'GET',
        statusCode: null,
        client: [Object],
        httpVersionMajor: 1,
        httpVersionMinor: 1,
        upgrade: true },
     _isServer: true,
     _receiver: 
      { fragmentedBufferPool: [Object],
        unfragmentedBufferPool: [Object],
        state: [Object],
        overflow: [],
        headerBuffer: <Buffer 7c 2d 22 c1 30 5d 2c 5b 30 5d>,
        expectOffset: 0,
        expectBuffer: null,
        expectHandler: [Function],
        currentMessage: [Object],
        dead: false,
        onerror: [Function],
        ontext: [Function],
        onbinary: [Function],
        onclose: [Function],
        onping: [Function],
        onpong: [Function] },
     _sender: { _socket: [Object], firstFragment: true, _events: [Object] },
     _events: { close: [Function], message: [Function] },
     units: { handler: [Object] },
     plate: 
      { setGridMatrix: [Function: setGridMatrix],
        matrix: [Object],
        grid: [Object] } },
  id: 11,
  y: 9,
  x: 12,
  moveTo: [Function: moveTo],
  setPosition: [Function: setPosition],
  getReachableSquares: [Function: getReachableSquares],
  getAttackableSquares: [Function: getAttackableSquares] }
moveUnit
setGrid
setPlate
getReachableSquares
{ name: 'Spy',
  d: 5,
  life: 100,
  attack: 10,
  defense: 10,
  bullet: 10,
  hasMoved: 0,
  typeId: 8,
  socket: 
   { _socket: 
      { _handle: [Object],
        _pendingWriteReqs: 0,
        _flags: 0,
        _connectQueueSize: 0,
        destroyed: false,
        bytesRead: 11976,
        bytesWritten: 5865,
        allowHalfOpen: true,
        writable: true,
        readable: true,
        server: [Object],
        ondrain: [Function],
        _idleTimeout: -1,
        _idleNext: null,
        _idlePrev: null,
        _idleStart: Sun, 07 Jul 2013 09:08:31 GMT,
        _events: [Object],
        ondata: null,
        onend: null },
     bytesReceived: 11612,
     readyState: 1,
     supports: { binary: true },
     protocol: 'undefined',
     protocolVersion: 13,
     upgradeReq: 
      { socket: [Object],
        connection: [Object],
        httpVersion: '1.1',
        complete: true,
        headers: [Object],
        trailers: {},
        readable: true,
        url: '/',
        method: 'GET',
        statusCode: null,
        client: [Object],
        httpVersionMajor: 1,
        httpVersionMinor: 1,
        upgrade: true },
     _isServer: true,
     _receiver: 
      { fragmentedBufferPool: [Object],
        unfragmentedBufferPool: [Object],
        state: [Object],
        overflow: [],
        headerBuffer: <Buffer fa e2 54 e6 30 5d 2c 5b 30 5d>,
        expectOffset: 0,
        expectBuffer: null,
        expectHandler: [Function],
        currentMessage: [Object],
        dead: false,
        onerror: [Function],
        ontext: [Function],
        onbinary: [Function],
        onclose: [Function],
        onping: [Function],
        onpong: [Function] },
     _sender: { _socket: [Object], firstFragment: true, _events: [Object] },
     _events: { close: [Function], message: [Function] },
     units: { handler: [Object] },
     plate: 
      { setGridMatrix: [Function: setGridMatrix],
        matrix: [Object],
        grid: [Object] } },
  id: 26,
  y: 9,
  x: 13,
  moveTo: [Function: moveTo],
  setPosition: [Function: setPosition],
  getReachableSquares: [Function: getReachableSquares],
  getAttackableSquares: [Function: getAttackableSquares] }
moveUnit
setGrid
setPlate
getReachableSquares
{ name: 'Commando',
  d: 3,
  life: 100,
  attack: 60,
  defense: 50,
  bullet: 10,
  hasMoved: 0,
  typeId: 3,
  socket: 
   { _socket: 
      { _handle: [Object],
        _pendingWriteReqs: 0,
        _flags: 0,
        _connectQueueSize: 0,
        destroyed: false,
        bytesRead: 13883,
        bytesWritten: 6315,
        allowHalfOpen: true,
        writable: true,
        readable: true,
        server: [Object],
        ondrain: [Function],
        _idleTimeout: -1,
        _idleNext: null,
        _idlePrev: null,
        _idleStart: Sun, 07 Jul 2013 09:08:31 GMT,
        _events: [Object],
        ondata: null,
        onend: null },
     bytesReceived: 13519,
     readyState: 1,
     supports: { binary: true },
     protocol: 'undefined',
     protocolVersion: 13,
     upgradeReq: 
      { socket: [Object],
        connection: [Object],
        httpVersion: '1.1',
        complete: true,
        headers: [Object],
        trailers: {},
        readable: true,
        url: '/',
        method: 'GET',
        statusCode: null,
        client: [Object],
        httpVersionMajor: 1,
        httpVersionMinor: 1,
        upgrade: true },
     _isServer: true,
     _receiver: 
      { fragmentedBufferPool: [Object],
        unfragmentedBufferPool: [Object],
        state: [Object],
        overflow: [],
        headerBuffer: <Buffer 52 fa d9 e7 30 5d 2c 5b 30 5d>,
        expectOffset: 0,
        expectBuffer: null,
        expectHandler: [Function],
        currentMessage: [Object],
        dead: false,
        onerror: [Function],
        ontext: [Function],
        onbinary: [Function],
        onclose: [Function],
        onping: [Function],
        onpong: [Function] },
     _sender: { _socket: [Object], firstFragment: true, _events: [Object] },
     _events: { close: [Function], message: [Function] },
     units: { handler: [Object] },
     plate: 
      { setGridMatrix: [Function: setGridMatrix],
        matrix: [Object],
        grid: [Object] } },
  id: 13,
  y: 9,
  x: 10,
  moveTo: [Function: moveTo],
  setPosition: [Function: setPosition],
  getReachableSquares: [Function: getReachableSquares],
  getAttackableSquares: [Function: getAttackableSquares] }
moveUnit
setGrid
setPlate
getReachableSquares
{ name: 'Infantry',
  d: 2,
  life: 100,
  attack: 30,
  defense: 30,
  bullet: 10,
  hasMoved: 0,
  typeId: 1,
  socket: 
   { _socket: 
      { _handle: [Object],
        _pendingWriteReqs: 0,
        _flags: 0,
        _connectQueueSize: 0,
        destroyed: false,
        bytesRead: 15791,
        bytesWritten: 6645,
        allowHalfOpen: true,
        writable: true,
        readable: true,
        server: [Object],
        ondrain: [Function],
        _idleTimeout: -1,
        _idleNext: null,
        _idlePrev: null,
        _idleStart: Sun, 07 Jul 2013 09:08:31 GMT,
        _events: [Object],
        ondata: null,
        onend: null },
     bytesReceived: 15428,
     readyState: 1,
     supports: { binary: true },
     protocol: 'undefined',
     protocolVersion: 13,
     upgradeReq: 
      { socket: [Object],
        connection: [Object],
        httpVersion: '1.1',
        complete: true,
        headers: [Object],
        trailers: {},
        readable: true,
        url: '/',
        method: 'GET',
        statusCode: null,
        client: [Object],
        httpVersionMajor: 1,
        httpVersionMinor: 1,
        upgrade: true },
     _isServer: true,
     _receiver: 
      { fragmentedBufferPool: [Object],
        unfragmentedBufferPool: [Object],
        state: [Object],
        overflow: [],
        headerBuffer: <Buffer fb 8a 38 57 30 5d 2c 5b 30 5d>,
        expectOffset: 0,
        expectBuffer: null,
        expectHandler: [Function],
        currentMessage: [Object],
        dead: false,
        onerror: [Function],
        ontext: [Function],
        onbinary: [Function],
        onclose: [Function],
        onping: [Function],
        onpong: [Function] },
     _sender: { _socket: [Object], firstFragment: true, _events: [Object] },
     _events: { close: [Function], message: [Function] },
     units: { handler: [Object] },
     plate: 
      { setGridMatrix: [Function: setGridMatrix],
        matrix: [Object],
        grid: [Object] } },
  id: 17,
  y: 11,
  x: 13,
  moveTo: [Function: moveTo],
  setPosition: [Function: setPosition],
  getReachableSquares: [Function: getReachableSquares],
  getAttackableSquares: [Function: getAttackableSquares] }
moveUnit
setGrid
setPlate
getReachableSquares
{ name: 'General',
  d: 1,
  life: 100,
  attack: 25,
  defense: 25,
  bullet: 10,
  hasMoved: 0,
  typeId: 9,
  socket: 
   { _socket: 
      { _handle: [Object],
        _pendingWriteReqs: 0,
        _flags: 0,
        _connectQueueSize: 0,
        destroyed: false,
        bytesRead: 17701,
        bytesWritten: 6850,
        allowHalfOpen: true,
        writable: true,
        readable: true,
        server: [Object],
        ondrain: [Function],
        _idleTimeout: -1,
        _idleNext: null,
        _idlePrev: null,
        _idleStart: Sun, 07 Jul 2013 09:08:31 GMT,
        _events: [Object],
        ondata: null,
        onend: null },
     bytesReceived: 17338,
     readyState: 1,
     supports: { binary: true },
     protocol: 'undefined',
     protocolVersion: 13,
     upgradeReq: 
      { socket: [Object],
        connection: [Object],
        httpVersion: '1.1',
        complete: true,
        headers: [Object],
        trailers: {},
        readable: true,
        url: '/',
        method: 'GET',
        statusCode: null,
        client: [Object],
        httpVersionMajor: 1,
        httpVersionMinor: 1,
        upgrade: true },
     _isServer: true,
     _receiver: 
      { fragmentedBufferPool: [Object],
        unfragmentedBufferPool: [Object],
        state: [Object],
        overflow: [],
        headerBuffer: <Buffer 63 10 e7 f9 30 5d 2c 5b 30 5d>,
        expectOffset: 0,
        expectBuffer: null,
        expectHandler: [Function],
        currentMessage: [Object],
        dead: false,
        onerror: [Function],
        ontext: [Function],
        onbinary: [Function],
        onclose: [Function],
        onping: [Function],
        onpong: [Function] },
     _sender: { _socket: [Object], firstFragment: true, _events: [Object] },
     _events: { close: [Function], message: [Function] },
     units: { handler: [Object] },
     plate: 
      { setGridMatrix: [Function: setGridMatrix],
        matrix: [Object],
        grid: [Object] } },
  id: 12,
  y: 10,
  x: 15,
  moveTo: [Function: moveTo],
  setPosition: [Function: setPosition],
  getReachableSquares: [Function: getReachableSquares],
  getAttackableSquares: [Function: getAttackableSquares] }
moveUnit
setGrid
setPlate
getReachableSquares
{ name: 'General',
  d: 1,
  life: 100,
  attack: 25,
  defense: 25,
  bullet: 10,
  hasMoved: 1,
  typeId: 9,
  socket: 
   { _socket: 
      { _handle: [Object],
        _pendingWriteReqs: 0,
        _flags: 0,
        _connectQueueSize: 0,
        destroyed: false,
        bytesRead: 19610,
        bytesWritten: 6995,
        allowHalfOpen: true,
        writable: true,
        readable: true,
        server: [Object],
        ondrain: [Function],
        _idleTimeout: -1,
        _idleNext: null,
        _idlePrev: null,
        _idleStart: Sun, 07 Jul 2013 09:08:31 GMT,
        _events: [Object],
        ondata: null,
        onend: null },
     bytesReceived: 19246,
     readyState: 1,
     supports: { binary: true },
     protocol: 'undefined',
     protocolVersion: 13,
     upgradeReq: 
      { socket: [Object],
        connection: [Object],
        httpVersion: '1.1',
        complete: true,
        headers: [Object],
        trailers: {},
        readable: true,
        url: '/',
        method: 'GET',
        statusCode: null,
        client: [Object],
        httpVersionMajor: 1,
        httpVersionMinor: 1,
        upgrade: true },
     _isServer: true,
     _receiver: 
      { fragmentedBufferPool: [Object],
        unfragmentedBufferPool: [Object],
        state: [Object],
        overflow: [],
        headerBuffer: <Buffer 8f 78 37 83 30 5d 2c 5b 30 5d>,
        expectOffset: 0,
        expectBuffer: null,
        expectHandler: [Function],
        currentMessage: [Object],
        dead: false,
        onerror: [Function],
        ontext: [Function],
        onbinary: [Function],
        onclose: [Function],
        onping: [Function],
        onpong: [Function] },
     _sender: { _socket: [Object], firstFragment: true, _events: [Object] },
     _events: { close: [Function], message: [Function] },
     units: { handler: [Object] },
     plate: 
      { setGridMatrix: [Function: setGridMatrix],
        matrix: [Object],
        grid: [Object] } },
  id: 12,
  y: 9,
  x: 15,
  moveTo: [Function: moveTo],
  setPosition: [Function: setPosition],
  getReachableSquares: [Function: getReachableSquares],
  getAttackableSquares: [Function: getAttackableSquares] }
moveUnit
setGrid
setPlate
getReachableSquares
{ name: 'General',
  d: 1,
  life: 100,
  attack: 25,
  defense: 25,
  bullet: 10,
  hasMoved: 1,
  typeId: 9,
  socket: 
   { _socket: 
      { _handle: [Object],
        _pendingWriteReqs: 0,
        _flags: 0,
        _connectQueueSize: 0,
        destroyed: false,
        bytesRead: 21517,
        bytesWritten: 7139,
        allowHalfOpen: true,
        writable: true,
        readable: true,
        server: [Object],
        ondrain: [Function],
        _idleTimeout: -1,
        _idleNext: null,
        _idlePrev: null,
        _idleStart: Sun, 07 Jul 2013 09:08:31 GMT,
        _events: [Object],
        ondata: null,
        onend: null },
     bytesReceived: 21153,
     readyState: 1,
     supports: { binary: true },
     protocol: 'undefined',
     protocolVersion: 13,
     upgradeReq: 
      { socket: [Object],
        connection: [Object],
        httpVersion: '1.1',
        complete: true,
        headers: [Object],
        trailers: {},
        readable: true,
        url: '/',
        method: 'GET',
        statusCode: null,
        client: [Object],
        httpVersionMajor: 1,
        httpVersionMinor: 1,
        upgrade: true },
     _isServer: true,
     _receiver: 
      { fragmentedBufferPool: [Object],
        unfragmentedBufferPool: [Object],
        state: [Object],
        overflow: [],
        headerBuffer: <Buffer 0a 1e 0a db 30 5d 2c 5b 30 5d>,
        expectOffset: 0,
        expectBuffer: null,
        expectHandler: [Function],
        currentMessage: [Object],
        dead: false,
        onerror: [Function],
        ontext: [Function],
        onbinary: [Function],
        onclose: [Function],
        onping: [Function],
        onpong: [Function] },
     _sender: { _socket: [Object], firstFragment: true, _events: [Object] },
     _events: { close: [Function], message: [Function] },
     units: { handler: [Object] },
     plate: 
      { setGridMatrix: [Function: setGridMatrix],
        matrix: [Object],
        grid: [Object] } },
  id: 12,
  y: 8,
  x: 15,
  moveTo: [Function: moveTo],
  setPosition: [Function: setPosition],
  getReachableSquares: [Function: getReachableSquares],
  getAttackableSquares: [Function: getAttackableSquares] }
moveUnit
setGrid
setPlate
getReachableSquares
{ name: 'General',
  d: 1,
  life: 100,
  attack: 25,
  defense: 25,
  bullet: 10,
  hasMoved: 1,
  typeId: 9,
  socket: 
   { _socket: 
      { _handle: [Object],
        _pendingWriteReqs: 0,
        _flags: 0,
        _connectQueueSize: 0,
        destroyed: false,
        bytesRead: 23424,
        bytesWritten: 7271,
        allowHalfOpen: true,
        writable: true,
        readable: true,
        server: [Object],
        ondrain: [Function],
        _idleTimeout: -1,
        _idleNext: null,
        _idlePrev: null,
        _idleStart: Sun, 07 Jul 2013 09:08:31 GMT,
        _events: [Object],
        ondata: null,
        onend: null },
     bytesReceived: 23060,
     readyState: 1,
     supports: { binary: true },
     protocol: 'undefined',
     protocolVersion: 13,
     upgradeReq: 
      { socket: [Object],
        connection: [Object],
        httpVersion: '1.1',
        complete: true,
        headers: [Object],
        trailers: {},
        readable: true,
        url: '/',
        method: 'GET',
        statusCode: null,
        client: [Object],
        httpVersionMajor: 1,
        httpVersionMinor: 1,
        upgrade: true },
     _isServer: true,
     _receiver: 
      { fragmentedBufferPool: [Object],
        unfragmentedBufferPool: [Object],
        state: [Object],
        overflow: [],
        headerBuffer: <Buffer 45 f5 c1 76 30 5d 2c 5b 30 5d>,
        expectOffset: 0,
        expectBuffer: null,
        expectHandler: [Function],
        currentMessage: [Object],
        dead: false,
        onerror: [Function],
        ontext: [Function],
        onbinary: [Function],
        onclose: [Function],
        onping: [Function],
        onpong: [Function] },
     _sender: { _socket: [Object], firstFragment: true, _events: [Object] },
     _events: { close: [Function], message: [Function] },
     units: { handler: [Object] },
     plate: 
      { setGridMatrix: [Function: setGridMatrix],
        matrix: [Object],
        grid: [Object] } },
  id: 12,
  y: 8,
  x: 14,
  moveTo: [Function: moveTo],
  setPosition: [Function: setPosition],
  getReachableSquares: [Function: getReachableSquares],
  getAttackableSquares: [Function: getAttackableSquares] }
moveUnit
setGrid
setPlate
getReachableSquares
{ name: 'Commando',
  d: 3,
  life: 100,
  attack: 60,
  defense: 50,
  bullet: 10,
  hasMoved: 1,
  typeId: 3,
  socket: 
   { _socket: 
      { _handle: [Object],
        _pendingWriteReqs: 0,
        _flags: 0,
        _connectQueueSize: 0,
        destroyed: false,
        bytesRead: 25331,
        bytesWritten: 7425,
        allowHalfOpen: true,
        writable: true,
        readable: true,
        server: [Object],
        ondrain: [Function],
        _idleTimeout: -1,
        _idleNext: null,
        _idlePrev: null,
        _idleStart: Sun, 07 Jul 2013 09:08:31 GMT,
        _events: [Object],
        ondata: null,
        onend: null },
     bytesReceived: 24967,
     readyState: 1,
     supports: { binary: true },
     protocol: 'undefined',
     protocolVersion: 13,
     upgradeReq: 
      { socket: [Object],
        connection: [Object],
        httpVersion: '1.1',
        complete: true,
        headers: [Object],
        trailers: {},
        readable: true,
        url: '/',
        method: 'GET',
        statusCode: null,
        client: [Object],
        httpVersionMajor: 1,
        httpVersionMinor: 1,
        upgrade: true },
     _isServer: true,
     _receiver: 
      { fragmentedBufferPool: [Object],
        unfragmentedBufferPool: [Object],
        state: [Object],
        overflow: [],
        headerBuffer: <Buffer ff a2 08 f5 30 5d 2c 5b 30 5d>,
        expectOffset: 0,
        expectBuffer: null,
        expectHandler: [Function],
        currentMessage: [Object],
        dead: false,
        onerror: [Function],
        ontext: [Function],
        onbinary: [Function],
        onclose: [Function],
        onping: [Function],
        onpong: [Function] },
     _sender: { _socket: [Object], firstFragment: true, _events: [Object] },
     _events: { close: [Function], message: [Function] },
     units: { handler: [Object] },
     plate: 
      { setGridMatrix: [Function: setGridMatrix],
        matrix: [Object],
        grid: [Object] } },
  id: 11,
  y: 8,
  x: 12,
  moveTo: [Function: moveTo],
  setPosition: [Function: setPosition],
  getReachableSquares: [Function: getReachableSquares],
  getAttackableSquares: [Function: getAttackableSquares] }
moveUnit
setGrid
setPlate
getReachableSquares
{ name: 'Infantry',
  d: 2,
  life: 100,
  attack: 30,
  defense: 30,
  bullet: 10,
  hasMoved: 1,
  typeId: 1,
  socket: 
   { _socket: 
      { _handle: [Object],
        _pendingWriteReqs: 0,
        _flags: 0,
        _connectQueueSize: 0,
        destroyed: false,
        bytesRead: 27238,
        bytesWritten: 7734,
        allowHalfOpen: true,
        writable: true,
        readable: true,
        server: [Object],
        ondrain: [Function],
        _idleTimeout: -1,
        _idleNext: null,
        _idlePrev: null,
        _idleStart: Sun, 07 Jul 2013 09:08:31 GMT,
        _events: [Object],
        ondata: null,
        onend: null },
     bytesReceived: 26873,
     readyState: 1,
     supports: { binary: true },
     protocol: 'undefined',
     protocolVersion: 13,
     upgradeReq: 
      { socket: [Object],
        connection: [Object],
        httpVersion: '1.1',
        complete: true,
        headers: [Object],
        trailers: {},
        readable: true,
        url: '/',
        method: 'GET',
        statusCode: null,
        client: [Object],
        httpVersionMajor: 1,
        httpVersionMinor: 1,
        upgrade: true },
     _isServer: true,
     _receiver: 
      { fragmentedBufferPool: [Object],
        unfragmentedBufferPool: [Object],
        state: [Object],
        overflow: [],
        headerBuffer: <Buffer 34 04 f4 a8 30 5d 2c 5b 30 5d>,
        expectOffset: 0,
        expectBuffer: null,
        expectHandler: [Function],
        currentMessage: [Object],
        dead: false,
        onerror: [Function],
        ontext: [Function],
        onbinary: [Function],
        onclose: [Function],
        onping: [Function],
        onpong: [Function] },
     _sender: { _socket: [Object], firstFragment: true, _events: [Object] },
     _events: { close: [Function], message: [Function] },
     units: { handler: [Object] },
     plate: 
      { setGridMatrix: [Function: setGridMatrix],
        matrix: [Object],
        grid: [Object] } },
  id: 20,
  y: 4,
  x: 4,
  moveTo: [Function: moveTo],
  setPosition: [Function: setPosition],
  getReachableSquares: [Function: getReachableSquares],
  getAttackableSquares: [Function: getAttackableSquares] }
moveUnit
setGrid
setPlate
getReachableSquares
{ name: 'Infantry',
  d: 2,
  life: 100,
  attack: 30,
  defense: 30,
  bullet: 10,
  hasMoved: 1,
  typeId: 1,
  socket: 
   { _socket: 
      { _handle: [Object],
        _pendingWriteReqs: 0,
        _flags: 0,
        _connectQueueSize: 0,
        destroyed: false,
        bytesRead: 29142,
        bytesWritten: 7965,
        allowHalfOpen: true,
        writable: true,
        readable: true,
        server: [Object],
        ondrain: [Function],
        _idleTimeout: -1,
        _idleNext: null,
        _idlePrev: null,
        _idleStart: Sun, 07 Jul 2013 09:08:31 GMT,
        _events: [Object],
        ondata: null,
        onend: null },
     bytesReceived: 28777,
     readyState: 1,
     supports: { binary: true },
     protocol: 'undefined',
     protocolVersion: 13,
     upgradeReq: 
      { socket: [Object],
        connection: [Object],
        httpVersion: '1.1',
        complete: true,
        headers: [Object],
        trailers: {},
        readable: true,
        url: '/',
        method: 'GET',
        statusCode: null,
        client: [Object],
        httpVersionMajor: 1,
        httpVersionMinor: 1,
        upgrade: true },
     _isServer: true,
     _receiver: 
      { fragmentedBufferPool: [Object],
        unfragmentedBufferPool: [Object],
        state: [Object],
        overflow: [],
        headerBuffer: <Buffer 97 72 e8 8a 30 5d 2c 5b 30 5d>,
        expectOffset: 0,
        expectBuffer: null,
        expectHandler: [Function],
        currentMessage: [Object],
        dead: false,
        onerror: [Function],
        ontext: [Function],
        onbinary: [Function],
        onclose: [Function],
        onping: [Function],
        onpong: [Function] },
     _sender: { _socket: [Object], firstFragment: true, _events: [Object] },
     _events: { close: [Function], message: [Function] },
     units: { handler: [Object] },
     plate: 
      { setGridMatrix: [Function: setGridMatrix],
        matrix: [Object],
        grid: [Object] } },
  id: 20,
  y: 4,
  x: 6,
  moveTo: [Function: moveTo],
  setPosition: [Function: setPosition],
  getReachableSquares: [Function: getReachableSquares],
  getAttackableSquares: [Function: getAttackableSquares] }
moveUnit
setGrid
setPlate
getReachableSquares
{ name: 'Infantry',
  d: 2,
  life: 100,
  attack: 30,
  defense: 30,
  bullet: 10,
  hasMoved: 1,
  typeId: 1,
  socket: 
   { _socket: 
      { _handle: [Object],
        _pendingWriteReqs: 0,
        _flags: 0,
        _connectQueueSize: 0,
        destroyed: false,
        bytesRead: 31046,
        bytesWritten: 8196,
        allowHalfOpen: true,
        writable: true,
        readable: true,
        server: [Object],
        ondrain: [Function],
        _idleTimeout: -1,
        _idleNext: null,
        _idlePrev: null,
        _idleStart: Sun, 07 Jul 2013 09:08:31 GMT,
        _events: [Object],
        ondata: null,
        onend: null },
     bytesReceived: 30681,
     readyState: 1,
     supports: { binary: true },
     protocol: 'undefined',
     protocolVersion: 13,
     upgradeReq: 
      { socket: [Object],
        connection: [Object],
        httpVersion: '1.1',
        complete: true,
        headers: [Object],
        trailers: {},
        readable: true,
        url: '/',
        method: 'GET',
        statusCode: null,
        client: [Object],
        httpVersionMajor: 1,
        httpVersionMinor: 1,
        upgrade: true },
     _isServer: true,
     _receiver: 
      { fragmentedBufferPool: [Object],
        unfragmentedBufferPool: [Object],
        state: [Object],
        overflow: [],
        headerBuffer: <Buffer 7a b6 31 72 30 5d 2c 5b 30 5d>,
        expectOffset: 0,
        expectBuffer: null,
        expectHandler: [Function],
        currentMessage: [Object],
        dead: false,
        onerror: [Function],
        ontext: [Function],
        onbinary: [Function],
        onclose: [Function],
        onping: [Function],
        onpong: [Function] },
     _sender: { _socket: [Object], firstFragment: true, _events: [Object] },
     _events: { close: [Function], message: [Function] },
     units: { handler: [Object] },
     plate: 
      { setGridMatrix: [Function: setGridMatrix],
        matrix: [Object],
        grid: [Object] } },
  id: 20,
  y: 5,
  x: 7,
  moveTo: [Function: moveTo],
  setPosition: [Function: setPosition],
  getReachableSquares: [Function: getReachableSquares],
  getAttackableSquares: [Function: getAttackableSquares] }
moveUnit
setGrid
setPlate
getReachableSquares
{ name: 'Infantry',
  d: 2,
  life: 100,
  attack: 30,
  defense: 30,
  bullet: 10,
  hasMoved: 1,
  typeId: 1,
  socket: 
   { _socket: 
      { _handle: [Object],
        _pendingWriteReqs: 0,
        _flags: 0,
        _connectQueueSize: 0,
        destroyed: false,
        bytesRead: 32950,
        bytesWritten: 8427,
        allowHalfOpen: true,
        writable: true,
        readable: true,
        server: [Object],
        ondrain: [Function],
        _idleTimeout: -1,
        _idleNext: null,
        _idlePrev: null,
        _idleStart: Sun, 07 Jul 2013 09:08:31 GMT,
        _events: [Object],
        ondata: null,
        onend: null },
     bytesReceived: 32585,
     readyState: 1,
     supports: { binary: true },
     protocol: 'undefined',
     protocolVersion: 13,
     upgradeReq: 
      { socket: [Object],
        connection: [Object],
        httpVersion: '1.1',
        complete: true,
        headers: [Object],
        trailers: {},
        readable: true,
        url: '/',
        method: 'GET',
        statusCode: null,
        client: [Object],
        httpVersionMajor: 1,
        httpVersionMinor: 1,
        upgrade: true },
     _isServer: true,
     _receiver: 
      { fragmentedBufferPool: [Object],
        unfragmentedBufferPool: [Object],
        state: [Object],
        overflow: [],
        headerBuffer: <Buffer 34 6f be 39 30 5d 2c 5b 30 5d>,
        expectOffset: 0,
        expectBuffer: null,
        expectHandler: [Function],
        currentMessage: [Object],
        dead: false,
        onerror: [Function],
        ontext: [Function],
        onbinary: [Function],
        onclose: [Function],
        onping: [Function],
        onpong: [Function] },
     _sender: { _socket: [Object], firstFragment: true, _events: [Object] },
     _events: { close: [Function], message: [Function] },
     units: { handler: [Object] },
     plate: 
      { setGridMatrix: [Function: setGridMatrix],
        matrix: [Object],
        grid: [Object] } },
  id: 20,
  y: 6,
  x: 8,
  moveTo: [Function: moveTo],
  setPosition: [Function: setPosition],
  getReachableSquares: [Function: getReachableSquares],
  getAttackableSquares: [Function: getAttackableSquares] }
getReachableSquares
{ name: 'Infantry',
  d: 2,
  life: 100,
  attack: 30,
  defense: 30,
  bullet: 10,
  hasMoved: 1,
  typeId: 1,
  socket: 
   { _socket: 
      { _handle: [Object],
        _pendingWriteReqs: 0,
        _flags: 0,
        _connectQueueSize: 0,
        destroyed: false,
        bytesRead: 33026,
        bytesWritten: 8659,
        allowHalfOpen: true,
        writable: true,
        readable: true,
        server: [Object],
        ondrain: [Function],
        _idleTimeout: -1,
        _idleNext: null,
        _idlePrev: null,
        _idleStart: Sun, 07 Jul 2013 09:08:31 GMT,
        _events: [Object],
        ondata: null,
        onend: null },
     bytesReceived: 32661,
     readyState: 1,
     supports: { binary: true },
     protocol: 'undefined',
     protocolVersion: 13,
     upgradeReq: 
      { socket: [Object],
        connection: [Object],
        httpVersion: '1.1',
        complete: true,
        headers: [Object],
        trailers: {},
        readable: true,
        url: '/',
        method: 'GET',
        statusCode: null,
        client: [Object],
        httpVersionMajor: 1,
        httpVersionMinor: 1,
        upgrade: true },
     _isServer: true,
     _receiver: 
      { fragmentedBufferPool: [Object],
        unfragmentedBufferPool: [Object],
        state: [Object],
        overflow: [],
        headerBuffer: <Buffer ce 67 44 7b 30 5d 2c 5b 30 5d>,
        expectOffset: 0,
        expectBuffer: null,
        expectHandler: [Function],
        currentMessage: [Object],
        dead: false,
        onerror: [Function],
        ontext: [Function],
        onbinary: [Function],
        onclose: [Function],
        onping: [Function],
        onpong: [Function] },
     _sender: { _socket: [Object], firstFragment: true, _events: [Object] },
     _events: { close: [Function], message: [Function] },
     units: { handler: [Object] },
     plate: 
      { setGridMatrix: [Function: setGridMatrix],
        matrix: [Object],
        grid: [Object] } },
  id: 20,
  y: 6,
  x: 8,
  moveTo: [Function: moveTo],
  setPosition: [Function: setPosition],
  getReachableSquares: [Function: getReachableSquares],
  getAttackableSquares: [Function: getAttackableSquares] }
moveUnit
setGrid
setPlate
getReachableSquares
{ name: 'Infantry',
  d: 2,
  life: 100,
  attack: 30,
  defense: 30,
  bullet: 10,
  hasMoved: 1,
  typeId: 1,
  socket: 
   { _socket: 
      { _handle: [Object],
        _pendingWriteReqs: 0,
        _flags: 0,
        _connectQueueSize: 0,
        destroyed: false,
        bytesRead: 34930,
        bytesWritten: 8891,
        allowHalfOpen: true,
        writable: true,
        readable: true,
        server: [Object],
        ondrain: [Function],
        _idleTimeout: -1,
        _idleNext: null,
        _idlePrev: null,
        _idleStart: Sun, 07 Jul 2013 09:08:31 GMT,
        _events: [Object],
        ondata: null,
        onend: null },
     bytesReceived: 34565,
     readyState: 1,
     supports: { binary: true },
     protocol: 'undefined',
     protocolVersion: 13,
     upgradeReq: 
      { socket: [Object],
        connection: [Object],
        httpVersion: '1.1',
        complete: true,
        headers: [Object],
        trailers: {},
        readable: true,
        url: '/',
        method: 'GET',
        statusCode: null,
        client: [Object],
        httpVersionMajor: 1,
        httpVersionMinor: 1,
        upgrade: true },
     _isServer: true,
     _receiver: 
      { fragmentedBufferPool: [Object],
        unfragmentedBufferPool: [Object],
        state: [Object],
        overflow: [],
        headerBuffer: <Buffer 44 57 27 2d 30 5d 2c 5b 30 5d>,
        expectOffset: 0,
        expectBuffer: null,
        expectHandler: [Function],
        currentMessage: [Object],
        dead: false,
        onerror: [Function],
        ontext: [Function],
        onbinary: [Function],
        onclose: [Function],
        onping: [Function],
        onpong: [Function] },
     _sender: { _socket: [Object], firstFragment: true, _events: [Object] },
     _events: { close: [Function], message: [Function] },
     units: { handler: [Object] },
     plate: 
      { setGridMatrix: [Function: setGridMatrix],
        matrix: [Object],
        grid: [Object] } },
  id: 20,
  y: 7,
  x: 9,
  moveTo: [Function: moveTo],
  setPosition: [Function: setPosition],
  getReachableSquares: [Function: getReachableSquares],
  getAttackableSquares: [Function: getAttackableSquares] }
moveUnit
setGrid
setPlate
getReachableSquares
{ name: 'Infantry',
  d: 2,
  life: 100,
  attack: 30,
  defense: 30,
  bullet: 10,
  hasMoved: 1,
  typeId: 1,
  socket: 
   { _socket: 
      { _handle: [Object],
        _pendingWriteReqs: 0,
        _flags: 0,
        _connectQueueSize: 0,
        destroyed: false,
        bytesRead: 36835,
        bytesWritten: 9126,
        allowHalfOpen: true,
        writable: true,
        readable: true,
        server: [Object],
        ondrain: [Function],
        _idleTimeout: -1,
        _idleNext: null,
        _idlePrev: null,
        _idleStart: Sun, 07 Jul 2013 09:08:31 GMT,
        _events: [Object],
        ondata: null,
        onend: null },
     bytesReceived: 36471,
     readyState: 1,
     supports: { binary: true },
     protocol: 'undefined',
     protocolVersion: 13,
     upgradeReq: 
      { socket: [Object],
        connection: [Object],
        httpVersion: '1.1',
        complete: true,
        headers: [Object],
        trailers: {},
        readable: true,
        url: '/',
        method: 'GET',
        statusCode: null,
        client: [Object],
        httpVersionMajor: 1,
        httpVersionMinor: 1,
        upgrade: true },
     _isServer: true,
     _receiver: 
      { fragmentedBufferPool: [Object],
        unfragmentedBufferPool: [Object],
        state: [Object],
        overflow: [],
        headerBuffer: <Buffer 02 88 8a db 30 5d 2c 5b 30 5d>,
        expectOffset: 0,
        expectBuffer: null,
        expectHandler: [Function],
        currentMessage: [Object],
        dead: false,
        onerror: [Function],
        ontext: [Function],
        onbinary: [Function],
        onclose: [Function],
        onping: [Function],
        onpong: [Function] },
     _sender: { _socket: [Object], firstFragment: true, _events: [Object] },
     _events: { close: [Function], message: [Function] },
     units: { handler: [Object] },
     plate: 
      { setGridMatrix: [Function: setGridMatrix],
        matrix: [Object],
        grid: [Object] } },
  id: 20,
  y: 7,
  x: 11,
  moveTo: [Function: moveTo],
  setPosition: [Function: setPosition],
  getReachableSquares: [Function: getReachableSquares],
  getAttackableSquares: [Function: getAttackableSquares] }
getAttackableSquares
attack
getAttackableSquares
attack
getAttackableSquares
attack
getAttackableSquares
attack
getAttackableSquares
attack
getAttackableSquares
attack
getAttackableSquares
attack
getAttackableSquares
attack
getAttackableSquares
attack
getAttackableSquares
attack
getAttackableSquares
attack
getAttackableSquares
attack
getReachableSquares
{ name: 'Infantry',
  d: 2,
  life: 100,
  attack: 30,
  defense: 30,
  bullet: 10,
  hasMoved: 1,
  typeId: 1,
  socket: 
   { _socket: 
      { _handle: [Object],
        _pendingWriteReqs: 0,
        _flags: 0,
        _connectQueueSize: 0,
        destroyed: false,
        bytesRead: 38148,
        bytesWritten: 10786,
        allowHalfOpen: true,
        writable: true,
        readable: true,
        server: [Object],
        ondrain: [Function],
        _idleTimeout: -1,
        _idleNext: null,
        _idlePrev: null,
        _idleStart: Sun, 07 Jul 2013 09:08:31 GMT,
        _events: [Object],
        ondata: null,
        onend: null },
     bytesReceived: 37784,
     readyState: 1,
     supports: { binary: true },
     protocol: 'undefined',
     protocolVersion: 13,
     upgradeReq: 
      { socket: [Object],
        connection: [Object],
        httpVersion: '1.1',
        complete: true,
        headers: [Object],
        trailers: {},
        readable: true,
        url: '/',
        method: 'GET',
        statusCode: null,
        client: [Object],
        httpVersionMajor: 1,
        httpVersionMinor: 1,
        upgrade: true },
     _isServer: true,
     _receiver: 
      { fragmentedBufferPool: [Object],
        unfragmentedBufferPool: [Object],
        state: [Object],
        overflow: [],
        headerBuffer: <Buffer 12 43 87 06 30 5d 2c 5b 30 5d>,
        expectOffset: 0,
        expectBuffer: null,
        expectHandler: [Function],
        currentMessage: [Object],
        dead: false,
        onerror: [Function],
        ontext: [Function],
        onbinary: [Function],
        onclose: [Function],
        onping: [Function],
        onpong: [Function] },
     _sender: { _socket: [Object], firstFragment: true, _events: [Object] },
     _events: { close: [Function], message: [Function] },
     units: { handler: [Object] },
     plate: 
      { setGridMatrix: [Function: setGridMatrix],
        matrix: [Object],
        grid: [Object] } },
  id: 20,
  y: 7,
  x: 11,
  moveTo: [Function: moveTo],
  setPosition: [Function: setPosition],
  getReachableSquares: [Function: getReachableSquares],
  getAttackableSquares: [Function: getAttackableSquares] }
moveUnit
setGrid
setPlate
getReachableSquares
{ name: 'Infantry',
  d: 2,
  life: 100,
  attack: 30,
  defense: 30,
  bullet: 10,
  hasMoved: 1,
  typeId: 1,
  socket: 
   { _socket: 
      { _handle: [Object],
        _pendingWriteReqs: 0,
        _flags: 0,
        _connectQueueSize: 0,
        destroyed: false,
        bytesRead: 40055,
        bytesWritten: 11006,
        allowHalfOpen: true,
        writable: true,
        readable: true,
        server: [Object],
        ondrain: [Function],
        _idleTimeout: -1,
        _idleNext: null,
        _idlePrev: null,
        _idleStart: Sun, 07 Jul 2013 09:08:31 GMT,
        _events: [Object],
        ondata: null,
        onend: null },
     bytesReceived: 39691,
     readyState: 1,
     supports: { binary: true },
     protocol: 'undefined',
     protocolVersion: 13,
     upgradeReq: 
      { socket: [Object],
        connection: [Object],
        httpVersion: '1.1',
        complete: true,
        headers: [Object],
        trailers: {},
        readable: true,
        url: '/',
        method: 'GET',
        statusCode: null,
        client: [Object],
        httpVersionMajor: 1,
        httpVersionMinor: 1,
        upgrade: true },
     _isServer: true,
     _receiver: 
      { fragmentedBufferPool: [Object],
        unfragmentedBufferPool: [Object],
        state: [Object],
        overflow: [],
        headerBuffer: <Buffer 12 21 80 ad 30 5d 2c 5b 30 5d>,
        expectOffset: 0,
        expectBuffer: null,
        expectHandler: [Function],
        currentMessage: [Object],
        dead: false,
        onerror: [Function],
        ontext: [Function],
        onbinary: [Function],
        onclose: [Function],
        onping: [Function],
        onpong: [Function] },
     _sender: { _socket: [Object], firstFragment: true, _events: [Object] },
     _events: { close: [Function], message: [Function] },
     units: { handler: [Object] },
     plate: 
      { setGridMatrix: [Function: setGridMatrix],
        matrix: [Object],
        grid: [Object] } },
  id: 20,
  y: 8,
  x: 11,
  moveTo: [Function: moveTo],
  setPosition: [Function: setPosition],
  getReachableSquares: [Function: getReachableSquares],
  getAttackableSquares: [Function: getAttackableSquares] }
moveUnit
setGrid
setPlate
getAttackableSquares
attack
getAttackableSquares
attack
getAttackableSquares
attack
getAttackableSquares
attack
getAttackableSquares
attack
getAttackableSquares
attack
getAttackableSquares
attack
getAttackableSquares
attack
getAttackableSquares
attack
getAttackableSquares
attack
getAttackableSquares
attack
getAttackableSquares
attack
getAttackableSquares
attack
getAttackableSquares
attack
getAttackableSquares
attack
getAttackableSquares
attack
getAttackableSquares
attack
getReachableSquares
{ name: 'Commando',
  d: 3,
  life: 100,
  attack: 60,
  defense: 50,
  bullet: 10,
  hasMoved: 1,
  typeId: 3,
  socket: 
   { _socket: 
      { _handle: [Object],
        _pendingWriteReqs: 0,
        _flags: 0,
        _connectQueueSize: 0,
        destroyed: false,
        bytesRead: 43701,
        bytesWritten: 13386,
        allowHalfOpen: true,
        writable: true,
        readable: true,
        server: [Object],
        ondrain: [Function],
        _idleTimeout: -1,
        _idleNext: null,
        _idlePrev: null,
        _idleStart: Sun, 07 Jul 2013 09:08:31 GMT,
        _events: [Object],
        ondata: null,
        onend: null },
     bytesReceived: 43337,
     readyState: 1,
     supports: { binary: true },
     protocol: 'undefined',
     protocolVersion: 13,
     upgradeReq: 
      { socket: [Object],
        connection: [Object],
        httpVersion: '1.1',
        complete: true,
        headers: [Object],
        trailers: {},
        readable: true,
        url: '/',
        method: 'GET',
        statusCode: null,
        client: [Object],
        httpVersionMajor: 1,
        httpVersionMinor: 1,
        upgrade: true },
     _isServer: true,
     _receiver: 
      { fragmentedBufferPool: [Object],
        unfragmentedBufferPool: [Object],
        state: [Object],
        overflow: [],
        headerBuffer: <Buffer 90 cd 69 bb 30 5d 2c 5b 30 5d>,
        expectOffset: 0,
        expectBuffer: null,
        expectHandler: [Function],
        currentMessage: [Object],
        dead: false,
        onerror: [Function],
        ontext: [Function],
        onbinary: [Function],
        onclose: [Function],
        onping: [Function],
        onpong: [Function] },
     _sender: { _socket: [Object], firstFragment: true, _events: [Object] },
     _events: { close: [Function], message: [Function] },
     units: { handler: [Object] },
     plate: 
      { setGridMatrix: [Function: setGridMatrix],
        matrix: [Object],
        grid: [Object] } },
  id: 11,
  y: 7,
  x: 12,
  moveTo: [Function: moveTo],
  setPosition: [Function: setPosition],
  getReachableSquares: [Function: getReachableSquares],
  getAttackableSquares: [Function: getAttackableSquares] }
getAttackableSquares
attack
getReachableSquares
{ name: 'Commando',
  d: 3,
  life: 100,
  attack: 60,
  defense: 50,
  bullet: 10,
  hasMoved: 0,
  typeId: 3,
  socket: 
   { _socket: 
      { _handle: [Object],
        _pendingWriteReqs: 0,
        _flags: 0,
        _connectQueueSize: 0,
        destroyed: false,
        bytesRead: 43881,
        bytesWritten: 13806,
        allowHalfOpen: true,
        writable: true,
        readable: true,
        server: [Object],
        ondrain: [Function],
        _idleTimeout: -1,
        _idleNext: null,
        _idlePrev: null,
        _idleStart: Sun, 07 Jul 2013 09:08:31 GMT,
        _events: [Object],
        ondata: null,
        onend: null },
     bytesReceived: 43516,
     readyState: 1,
     supports: { binary: true },
     protocol: 'undefined',
     protocolVersion: 13,
     upgradeReq: 
      { socket: [Object],
        connection: [Object],
        httpVersion: '1.1',
        complete: true,
        headers: [Object],
        trailers: {},
        readable: true,
        url: '/',
        method: 'GET',
        statusCode: null,
        client: [Object],
        httpVersionMajor: 1,
        httpVersionMinor: 1,
        upgrade: true },
     _isServer: true,
     _receiver: 
      { fragmentedBufferPool: [Object],
        unfragmentedBufferPool: [Object],
        state: [Object],
        overflow: [],
        headerBuffer: <Buffer c7 0c a2 be 30 5d 2c 5b 30 5d>,
        expectOffset: 0,
        expectBuffer: null,
        expectHandler: [Function],
        currentMessage: [Object],
        dead: false,
        onerror: [Function],
        ontext: [Function],
        onbinary: [Function],
        onclose: [Function],
        onping: [Function],
        onpong: [Function] },
     _sender: { _socket: [Object], firstFragment: true, _events: [Object] },
     _events: { close: [Function], message: [Function] },
     units: { handler: [Object] },
     plate: 
      { setGridMatrix: [Function: setGridMatrix],
        matrix: [Object],
        grid: [Object] } },
  id: 14,
  y: 2,
  x: 1,
  moveTo: [Function: moveTo],
  setPosition: [Function: setPosition],
  getReachableSquares: [Function: getReachableSquares],
  getAttackableSquares: [Function: getAttackableSquares] }
getReachableSquares
{ name: 'Spy',
  d: 5,
  life: 100,
  attack: 10,
  defense: 10,
  bullet: 10,
  hasMoved: 0,
  typeId: 8,
  socket: 
   { _socket: 
      { _handle: [Object],
        _pendingWriteReqs: 0,
        _flags: 0,
        _connectQueueSize: 0,
        destroyed: false,
        bytesRead: 43957,
        bytesWritten: 14037,
        allowHalfOpen: true,
        writable: true,
        readable: true,
        server: [Object],
        ondrain: [Function],
        _idleTimeout: -1,
        _idleNext: null,
        _idlePrev: null,
        _idleStart: Sun, 07 Jul 2013 09:08:31 GMT,
        _events: [Object],
        ondata: null,
        onend: null },
     bytesReceived: 43592,
     readyState: 1,
     supports: { binary: true },
     protocol: 'undefined',
     protocolVersion: 13,
     upgradeReq: 
      { socket: [Object],
        connection: [Object],
        httpVersion: '1.1',
        complete: true,
        headers: [Object],
        trailers: {},
        readable: true,
        url: '/',
        method: 'GET',
        statusCode: null,
        client: [Object],
        httpVersionMajor: 1,
        httpVersionMinor: 1,
        upgrade: true },
     _isServer: true,
     _receiver: 
      { fragmentedBufferPool: [Object],
        unfragmentedBufferPool: [Object],
        state: [Object],
        overflow: [],
        headerBuffer: <Buffer 90 40 8d fe 30 5d 2c 5b 30 5d>,
        expectOffset: 0,
        expectBuffer: null,
        expectHandler: [Function],
        currentMessage: [Object],
        dead: false,
        onerror: [Function],
        ontext: [Function],
        onbinary: [Function],
        onclose: [Function],
        onping: [Function],
        onpong: [Function] },
     _sender: { _socket: [Object], firstFragment: true, _events: [Object] },
     _events: { close: [Function], message: [Function] },
     units: { handler: [Object] },
     plate: 
      { setGridMatrix: [Function: setGridMatrix],
        matrix: [Object],
        grid: [Object] } },
  id: 22,
  y: 3,
  x: 0,
  moveTo: [Function: moveTo],
  setPosition: [Function: setPosition],
  getReachableSquares: [Function: getReachableSquares],
  getAttackableSquares: [Function: getAttackableSquares] }
getAttackableSquares

/var/www/chesswars/unit.js:138
  if(matrix[x-1][y])
                ^
TypeError: Cannot read property '3' of undefined
    at create.getAttackableSquares (/var/www/chesswars/unit.js:138:17)
    at WebSocket.<anonymous> (/var/www/chesswars/server.js:95:35)
    at WebSocket.emit (events.js:70:17)
    at Receiver.ontext (/var/www/chesswars/node_modules/ws/lib/WebSocket.js:544:10)
    at Receiver.<anonymous> (/var/www/chesswars/node_modules/ws/lib/Receiver.js:397:14)
    at Receiver.expectHandler (/var/www/chesswars/node_modules/ws/lib/Receiver.js:378:33)
    at Receiver.add (/var/www/chesswars/node_modules/ws/lib/Receiver.js:93:24)
    at Socket.firstHandler (/var/www/chesswars/node_modules/ws/lib/WebSocket.js:524:22)
    at Socket.emit (events.js:67:17)
    at TCP.onread (net.js:347:14)
